app/build/outputs/logs/manifest-merger-debug-report.txt
-- Merging decision tree log ---
manifest
ADDED from src/main/AndroidManifest.xml:2:1-65:12
	package
		ADDED from src/main/AndroidManifest.xml:3:5-27
		INJECTED from src/main/AndroidManifest.xml
		INJECTED from src/main/AndroidManifest.xml
	android:versionName
		INJECTED from src/main/AndroidManifest.xml
		INJECTED from src/main/AndroidManifest.xml
	xmlns:android
		ADDED from src/main/AndroidManifest.xml:2:11-69
	android:versionCode
		INJECTED from src/main/AndroidManifest.xml
		INJECTED from src/main/AndroidManifest.xml
uses-permission#android.permission.INTERNET
ADDED from src/main/AndroidManifest.xml:5:5-67
	android:name
		ADDED from src/main/AndroidManifest.xml:5:22-64
uses-permission#android.permission.ACCESS_NETWORK_STATE
ADDED from src/main/AndroidManifest.xml:6:5-79
	android:name
		ADDED from src/main/AndroidManifest.xml:6:22-76
application
ADDED from src/main/AndroidManifest.xml:8:5-63:19
MERGED from [com.android.support:support-v4:24.2.0] AndroidManifest.xml:25:5-20
MERGED from [com.android.support:support-compat:24.2.0] AndroidManifest.xml:25:5-20
MERGED from [com.android.support:support-core-utils:24.2.0] AndroidManifest.xml:25:5-20
MERGED from [com.android.support:support-media-compat:24.2.0] AndroidManifest.xml:25:5-20
MERGED from [com.android.support:support-core-ui:24.2.0] AndroidManifest.xml:25:5-20
MERGED from [com.android.support:support-fragment:24.2.0] AndroidManifest.xml:25:5-20
MERGED from [com.vstechlab.easyfonts:easyfonts:1.0.0] AndroidManifest.xml:11:5-14:19
MERGED from [com.android.support:appcompat-v7:24.2.0] AndroidManifest.xml:25:5-20
MERGED from [com.android.support:support-vector-drawable:24.2.0] AndroidManifest.xml:23:5-20
MERGED from [com.android.support:animated-vector-drawable:24.2.0] AndroidManifest.xml:22:5-20
MERGED from [com.jjoe64:graphview:4.1.1] AndroidManifest.xml:11:5-12:19
MERGED from [com.github.bmarrdev:android-DecoView-charting:v1.2] AndroidManifest.xml:11:5-12:19
MERGED from [com.github.arimorty:floatingsearchview:2.0.3] AndroidManifest.xml:12:5-20
MERGED from [com.android.support:cardview-v7:23.3.0] AndroidManifest.xml:22:5-20
MERGED from [com.android.support:design:23.3.0] AndroidManifest.xml:22:5-20
MERGED from [okHTTP.other_lib:AndEngine-GLES2-AnchorCenter:unspecified] AndroidManifest.xml:15:5-20
	android:label
		ADDED from src/main/AndroidManifest.xml:12:9-41
	android:supportsRtl
		ADDED from src/main/AndroidManifest.xml:13:9-35
	android:allowBackup
		ADDED from src/main/AndroidManifest.xml:10:9-35
	android:icon
		ADDED from src/main/AndroidManifest.xml:11:9-41
	android:theme
		ADDED from src/main/AndroidManifest.xml:14:9-40
	android:name
		ADDED from src/main/AndroidManifest.xml:9:9-40
meta-data#DATABASE
ADDED from src/main/AndroidManifest.xml:15:9-17:46
	android:value
		ADDED from src/main/AndroidManifest.xml:17:13-43
	android:name
		ADDED from src/main/AndroidManifest.xml:16:13-36
meta-data#QUERY_LOG
ADDED from src/main/AndroidManifest.xml:18:9-20:36
	android:value
		ADDED from src/main/AndroidManifest.xml:20:13-33
	android:name
		ADDED from src/main/AndroidManifest.xml:19:13-37
meta-data#DOMAIN_PACKAGE_NAME
ADDED from src/main/AndroidManifest.xml:21:9-23:44
	android:value
		ADDED from src/main/AndroidManifest.xml:23:13-41
	android:name
		ADDED from src/main/AndroidManifest.xml:22:13-47
meta-data#VERSION
ADDED from src/main/AndroidManifest.xml:24:9-26:33
	android:value
		ADDED from src/main/AndroidManifest.xml:26:13-30
	android:name
		ADDED from src/main/AndroidManifest.xml:25:13-35
activity#mkawa.okhttp.contactActivity
ADDED from src/main/AndroidManifest.xml:28:9-32:57
	android:label
		ADDED from src/main/AndroidManifest.xml:30:13-40
	android:windowSoftInputMode
		ADDED from src/main/AndroidManifest.xml:32:13-54
	android:theme
		ADDED from src/main/AndroidManifest.xml:31:13-44
	android:name
		ADDED from src/main/AndroidManifest.xml:29:13-44
activity#mkawa.okhttp.settings
ADDED from src/main/AndroidManifest.xml:33:9-35:40
	android:label
		ADDED from src/main/AndroidManifest.xml:35:13-37
	android:name
		ADDED from src/main/AndroidManifest.xml:34:13-37
activity#mkawa.okhttp.beerSearch
ADDED from src/main/AndroidManifest.xml:36:9-38:43
	android:label
		ADDED from src/main/AndroidManifest.xml:38:13-40
	android:name
		ADDED from src/main/AndroidManifest.xml:37:13-39
activity#mkawa.okhttp.LeaderBoard
ADDED from src/main/AndroidManifest.xml:39:9-49
	android:name
		ADDED from src/main/AndroidManifest.xml:39:19-46
activity#mkawa.okhttp.Market
ADDED from src/main/AndroidManifest.xml:40:9-42:38
	android:label
		ADDED from src/main/AndroidManifest.xml:42:13-35
	android:name
		ADDED from src/main/AndroidManifest.xml:41:13-35
activity#mkawa.okhttp.TradeShare
ADDED from src/main/AndroidManifest.xml:43:9-48
	android:name
		ADDED from src/main/AndroidManifest.xml:43:19-45
activity#mkawa.okhttp.UserStatstics
ADDED from src/main/AndroidManifest.xml:44:9-51
	android:name
		ADDED from src/main/AndroidManifest.xml:44:19-48
activity#mkawa.okhttp.Dashboard
ADDED from src/main/AndroidManifest.xml:45:9-51:20
	android:name
		ADDED from src/main/AndroidManifest.xml:45:19-44
intent-filter#android.intent.action.MAIN+android.intent.category.LAUNCHER
ADDED from src/main/AndroidManifest.xml:46:13-50:29
action#android.intent.action.MAIN
ADDED from src/main/AndroidManifest.xml:47:17-69
	android:name
		ADDED from src/main/AndroidManifest.xml:47:25-66
category#android.intent.category.LAUNCHER
ADDED from src/main/AndroidManifest.xml:49:17-77
	android:name
		ADDED from src/main/AndroidManifest.xml:49:27-74
activity#mkawa.okhttp.UserNameEntry
ADDED from src/main/AndroidManifest.xml:52:9-56:54
	android:label
		ADDED from src/main/AndroidManifest.xml:55:13-67
	android:configChanges
		ADDED from src/main/AndroidManifest.xml:54:13-74
	android:theme
		ADDED from src/main/AndroidManifest.xml:56:13-51
	android:name
		ADDED from src/main/AndroidManifest.xml:53:13-42
activity#mkawa.okhttp.SelectTeam
ADDED from src/main/AndroidManifest.xml:57:9-48
	android:name
		ADDED from src/main/AndroidManifest.xml:57:19-45
activity#mkawa.okhttp.Drop
ADDED from src/main/AndroidManifest.xml:58:9-61:53
	android:screenOrientation
		ADDED from src/main/AndroidManifest.xml:61:13-50
	android:configChanges
		ADDED from src/main/AndroidManifest.xml:60:13-130
	android:name
		ADDED from src/main/AndroidManifest.xml:59:13-33
activity#mkawa.okhttp.CandleStickTokens
ADDED from src/main/AndroidManifest.xml:62:9-64
	android:name
		ADDED from src/main/AndroidManifest.xml:62:19-52
uses-sdk
INJECTED from src/main/AndroidManifest.xml reason: use-sdk injection requested
MERGED from [com.github.satyan:sugar:1.4] AndroidManifest.xml:7:5-9:41
MERGED from [com.android.support:support-v4:24.2.0] AndroidManifest.xml:21:5-23:54
MERGED from [com.android.support:support-compat:24.2.0] AndroidManifest.xml:21:5-23:58
MERGED from [com.android.support:support-core-utils:24.2.0] AndroidManifest.xml:21:5-23:61
MERGED from [com.android.support:support-media-compat:24.2.0] AndroidManifest.xml:21:5-23:63
MERGED from [com.android.support:support-core-ui:24.2.0] AndroidManifest.xml:21:5-23:58
MERGED from [com.android.support:support-fragment:24.2.0] AndroidManifest.xml:21:5-23:60
MERGED from [com.vstechlab.easyfonts:easyfonts:1.0.0] AndroidManifest.xml:7:5-9:41
MERGED from [com.android.support:appcompat-v7:24.2.0] AndroidManifest.xml:21:5-23:78
MERGED from [com.android.support:support-vector-drawable:24.2.0] AndroidManifest.xml:21:5-43
MERGED from [com.android.support:animated-vector-drawable:24.2.0] AndroidManifest.xml:20:5-44
MERGED from [me.grantland:autofittextview:0.2.1] AndroidManifest.xml:7:5-9:41
MERGED from [com.jjoe64:graphview:4.1.1] AndroidManifest.xml:7:5-9:41
MERGED from [com.github.bmarrdev:android-DecoView-charting:v1.2] AndroidManifest.xml:7:5-9:41
MERGED from [com.github.arimorty:floatingsearchview:2.0.3] AndroidManifest.xml:8:5-10:41
MERGED from [com.bartoszlipinski:viewpropertyobjectanimator:1.2.0] AndroidManifest.xml:7:5-9:41
MERGED from [com.android.support:recyclerview-v7:24.2.0] AndroidManifest.xml:20:5-43
MERGED from [com.android.support:cardview-v7:23.3.0] AndroidManifest.xml:20:5-43
MERGED from [com.android.support:design:23.3.0] AndroidManifest.xml:20:5-43
MERGED from [okHTTP.other_lib:AndEnginePhysicsBox2DExtension-GLES2-AnchorCenter:unspecified] AndroidManifest.xml:7:5-9:41
MERGED from [okHTTP.other_lib:AndEngine-GLES2-AnchorCenter:unspecified] AndroidManifest.xml:7:5-9:41
	tools:overrideLibrary
		ADDED from [com.android.support:support-v4:24.2.0] AndroidManifest.xml:23:9-51
	android:targetSdkVersion
		INJECTED from src/main/AndroidManifest.xml
		INJECTED from src/main/AndroidManifest.xml
	android:minSdkVersion
		INJECTED from src/main/AndroidManifest.xml
		INJECTED from src/main/AndroidManifest.xml
uses-feature#0x00020000
ADDED from [okHTTP.other_lib:AndEngine-GLES2-AnchorCenter:unspecified] AndroidManifest.xml:11:5-13:35
	android:glEsVersion
		ADDED from [okHTTP.other_lib:AndEngine-GLES2-AnchorCenter:unspecified] AndroidManifest.xml:12:9-41
	android:required
		ADDED from [okHTTP.other_lib:AndEngine-GLES2-AnchorCenter:unspecified] AndroidManifest.xml:13:9-32